<?xml version="1.0" encoding="UTF-8"?>
<!-- Generated by org.testng.reporters.JUnitReportReporter -->
<testsuite name="DocTalkCommon" tests="1" time="6.496" ignored="0" failures="0" timestamp="13 Jun 2018 05:43:06 GMT" skipped="0" hostname="Nandhini-Venkatesh.local" errors="0">
  <testcase name="setUp" time="6.496" classname="DocTalkCommon"/>
</testsuite> <!-- DocTalkCommon -->
