<?xml version="1.0" encoding="UTF-8"?>
<!-- Generated by org.testng.reporters.JUnitReportReporter -->
<testsuite name="com.docTalk.NewUser.NewUserUtil" tests="1" time="8.700" ignored="0" failures="0" timestamp="19 Jun 2018 12:18:15 GMT" skipped="0" hostname="Nandhinenkatesh" errors="0">
  <testcase name="setUp" time="8.700" classname="com.docTalk.NewUser.NewUserUtil"/>
</testsuite> <!-- com.docTalk.NewUser.NewUserUtil -->
